2026-04-14 12:39:39,785 [INFO] Starting Concept2 logbook check …
2026-04-14 12:39:39,786 [INFO] Known workout IDs in CSV: 0
2026-04-14 12:39:43,356 [WARNING] No entries parsed — page structure may have changed.
2026-04-14 12:40:36,805 [INFO] Starting Concept2 logbook check …
2026-04-14 12:40:36,806 [INFO] Known workout IDs in CSV: 0
2026-04-14 12:40:40,214 [WARNING] No entries parsed — page structure may have changed.
2026-04-14 12:46:53,013 [INFO] Starting Concept2 logbook check …
2026-04-14 12:46:53,014 [INFO] Known workout IDs in CSV: 0
2026-04-14 12:46:56,434 [INFO] New entry: 115396979 on 04/14/26
2026-04-14 12:46:58,227 [INFO] New entry: 115391776 on 04/14/26
2026-04-14 12:46:59,688 [INFO] New entry: 115391184 on 04/14/26
2026-04-14 12:47:01,379 [INFO] New entry: 115388095 on 04/14/26
2026-04-14 12:47:02,868 [INFO] New entry: 115352238 on 04/13/26
2026-04-14 12:47:04,379 [INFO] New entry: 115346683 on 04/13/26
2026-04-14 12:47:05,866 [INFO] New entry: 115344605 on 04/13/26
2026-04-14 12:47:07,372 [INFO] New entry: 115316222 on 04/12/26
2026-04-14 12:47:08,854 [INFO] New entry: 115309399 on 04/12/26
2026-04-14 12:47:10,371 [INFO] New entry: 115306557 on 04/12/26
2026-04-14 12:47:11,860 [INFO] New entry: 115281135 on 04/11/26
2026-04-14 12:47:13,372 [INFO] New entry: 115275814 on 04/11/26
2026-04-14 12:47:14,853 [INFO] New entry: 115247865 on 04/10/26
2026-04-14 12:47:16,348 [INFO] New entry: 115242256 on 04/10/26
2026-04-14 12:47:17,839 [INFO] New entry: 115240007 on 04/10/26
2026-04-14 12:47:19,312 [INFO] New entry: 115206859 on 04/09/26
2026-04-14 12:47:20,864 [INFO] New entry: 115201495 on 04/09/26
2026-04-14 12:47:22,342 [INFO] New entry: 115199282 on 04/09/26
2026-04-14 12:47:23,859 [INFO] New entry: 115166450 on 04/08/26
2026-04-14 12:47:25,347 [INFO] New entry: 115160940 on 04/08/26
2026-04-14 12:47:26,853 [INFO] New entry: 115158053 on 04/08/26
2026-04-14 12:47:28,370 [INFO] New entry: 115117938 on 04/07/26
2026-04-14 12:47:29,882 [INFO] New entry: 115080613 on 04/06/26
2026-04-14 12:47:31,385 [INFO] New entry: 115074739 on 04/06/26
2026-04-14 12:47:32,880 [INFO] New entry: 115045705 on 04/05/26
2026-04-14 12:47:34,356 [INFO] Saved 25 new workout(s) to concept2_log.csv
2026-04-14 12:49:14,455 [INFO] Starting Concept2 logbook check …
2026-04-14 12:49:14,456 [INFO] Known workout IDs in CSV: 25
2026-04-14 12:49:17,751 [INFO] No new workouts found.
2026-04-14 13:05:34,271 [INFO] Starting Concept2 logbook check …
2026-04-14 13:05:34,272 [INFO] Known workout IDs in CSV: 0
2026-04-14 13:05:37,607 [INFO] Skipping non-RowErg workout: 115396979 (BikeErg)
2026-04-14 13:05:37,608 [INFO] New RowErg entry: 115391776 on 04/14/26
2026-04-14 13:05:38,383 [WARNING] Could not find all stats on page: https://log.concept2.com/profile/151754/log/115391776 — found: {'TimeMetersPaceWattsCal/HrS/M10:00.02,1882:17.11367673210010:00.02,1882:17.113676732100r19': 'Intervals', 'Loading data.': 'Workout Graph', 'Your LogRankingsChallengesAffiliation StandingsLogin': 'Quick Links', 'FAQsForumPace CalculatorConcept2 NewsContact Us': 'Help', 'Making world class rowing products since 1976.': 'Concept2', 'Sign up': 'Workout of the Day', 'ErgData for iOS': 'ErgData'}
2026-04-14 13:05:39,385 [INFO] New RowErg entry: 115391184 on 04/14/26
2026-04-14 13:05:39,853 [WARNING] Could not find all stats on page: https://log.concept2.com/profile/151754/log/115391184 — found: {'TimeMetersPaceWattsCal/HrS/M1:00:00.012,9952:18.51327533211710:00.02,1762:17.81347593211510:00.02,1652:18.51327523211510:00.02,1642:18.61317523211910:00.02,1642:18.61317523211110:00.02,1702:18.21327553211110:00.02,1562:19.113074732131r1,129': 'Intervals', 'Loading data.': 'Workout Graph', 'Your LogRankingsChallengesAffiliation StandingsLogin': 'Quick Links', 'FAQsForumPace CalculatorConcept2 NewsContact Us': 'Help', 'Making world class rowing products since 1976.': 'Concept2', 'Sign up': 'Workout of the Day', 'ErgData for iOS': 'ErgData'}
2026-04-14 13:05:40,854 [INFO] New RowErg entry: 115388095 on 04/14/26
2026-04-14 13:05:41,364 [WARNING] Could not find all stats on page: https://log.concept2.com/profile/151754/log/115388095 — found: {'TimeMetersPaceWattsCal/HrS/M50:00.010,8282:18.51327533211510:00.02,1532:19.31297453311310:00.02,1772:17.81347603211410:00.02,1662:18.51327533211510:00.02,1642:18.61317523211510:00.02,1672:18.413275332118r1,022': 'Intervals', 'Loading data.': 'Workout Graph', 'Your LogRankingsChallengesAffiliation StandingsLogin': 'Quick Links', 'FAQsForumPace CalculatorConcept2 NewsContact Us': 'Help', 'Making world class rowing products since 1976.': 'Concept2', 'Sign up': 'Workout of the Day', 'ErgData for iOS': 'ErgData'}
2026-04-14 13:05:42,366 [INFO] Skipping non-RowErg workout: 115352238 (BikeErg)
2026-04-14 13:05:42,367 [INFO] New RowErg entry: 115346683 on 04/13/26
2026-04-14 13:05:42,854 [WARNING] Could not find all stats on page: https://log.concept2.com/profile/151754/log/115346683 — found: {'TimeMetersPaceWattsCal/HrS/M40:00.08,4882:21.31247263212110:00.02,1282:20.91257293211410:00.02,1232:21.31247263213610:00.02,1162:21.71237223213310:00.02,1212:21.412472532103r584': 'Intervals', 'Loading data.': 'Workout Graph', 'Your LogRankingsChallengesAffiliation StandingsLogin': 'Quick Links', 'FAQsForumPace CalculatorConcept2 NewsContact Us': 'Help', 'Making world class rowing products since 1976.': 'Concept2', 'Sign up': 'Workout of the Day', 'ErgData for iOS': 'ErgData'}
2026-04-14 13:05:43,856 [INFO] New RowErg entry: 115344605 on 04/13/26
2026-04-14 13:05:44,330 [WARNING] Could not find all stats on page: https://log.concept2.com/profile/151754/log/115344605 — found: {'TimeMetersPaceWattsCal/HrS/M1:20:00.017,1582:19.81287403212110:00.02,1382:20.31277363312210:00.02,1792:17.61347613312510:00.02,1592:18.91307483211610:00.02,1412:20.11277373212010:00.02,1482:19.61287423211810:00.02,1262:21.11257283211810:00.02,1352:20.51267343212910:00.02,1312:20.712573132125r1,661': 'Intervals', 'Loading data.': 'Workout Graph', 'Your LogRankingsChallengesAffiliation StandingsLogin': 'Quick Links', 'FAQsForumPace CalculatorConcept2 NewsContact Us': 'Help', 'Making world class rowing products since 1976.': 'Concept2', 'Sign up': 'Workout of the Day', 'ErgData for iOS': 'ErgData'}
2026-04-14 13:05:45,331 [INFO] Skipping non-RowErg workout: 115316222 (BikeErg)
2026-04-14 13:05:45,331 [INFO] New RowErg entry: 115309399 on 04/12/26
2026-04-14 13:05:45,822 [WARNING] Could not find all stats on page: https://log.concept2.com/profile/151754/log/115309399 — found: {'TimeMetersPaceWattsCal/HrS/M1:00:00.012,8122:20.41267343111210:00.02,1322:20.71267323210810:00.02,1552:19.21307463211910:00.02,1482:19.6128742328510:00.02,1412:20.11277373211210:00.02,1282:20.91257293111910:00.02,1072:22.312171731133r1,170': 'Intervals', 'Loading data.': 'Workout Graph', 'Your LogRankingsChallengesAffiliation StandingsLogin': 'Quick Links', 'FAQsForumPace CalculatorConcept2 NewsContact Us': 'Help', 'Making world class rowing products since 1976.': 'Concept2', 'Sign up': 'Workout of the Day', 'ErgData for iOS': 'ErgData'}
2026-04-14 13:05:46,823 [INFO] New RowErg entry: 115306557 on 04/12/26
2026-04-14 13:05:48,004 [WARNING] Could not find all stats on page: https://log.concept2.com/profile/151754/log/115306557 — found: {'TimeMetersPaceWattsCal/HrS/M1:00:00.013,0052:18.41327543211610:00.02,1572:19.01307473311310:00.02,1862:17.21357663212510:00.02,1752:17.91337593211210:00.02,1762:17.81347593211710:00.02,1652:18.51327523211210:00.02,1462:19.712874032118r1,220': 'Intervals', 'Loading data.': 'Workout Graph', 'Your LogRankingsChallengesAffiliation StandingsLogin': 'Quick Links', 'FAQsForumPace CalculatorConcept2 NewsContact Us': 'Help', 'Making world class rowing products since 1976.': 'Concept2', 'Sign up': 'Workout of the Day', 'ErgData for iOS': 'ErgData'}
2026-04-14 13:05:49,005 [INFO] Skipping non-RowErg workout: 115281135 (BikeErg)
2026-04-14 13:05:49,006 [INFO] New RowErg entry: 115275814 on 04/11/26
2026-04-14 13:05:49,495 [WARNING] Could not find all stats on page: https://log.concept2.com/profile/151754/log/115275814 — found: {'TimeMetersPaceWattsCal/HrS/M2:00:00.026,0672:18.11337573110610:00.02,1532:19.31297453211610:00.02,1742:17.91337583210810:00.02,1792:17.61347613211410:00.02,1812:17.51347623211510:00.02,1752:17.91337593212110:00.02,1792:17.6134761328110:00.02,1852:17.2135765328110:00.02,1782:17.71347603212310:00.02,1812:17.5134762328710:00.02,1682:18.3132754327510:00.02,1632:18.61317513212610:00.02,1522:19.412974432126r2,580': 'Intervals', 'Loading data.': 'Workout Graph', 'Your LogRankingsChallengesAffiliation StandingsLogin': 'Quick Links', 'FAQsForumPace CalculatorConcept2 NewsContact Us': 'Help', 'Making world class rowing products since 1976.': 'Concept2', 'Sign up': 'Workout of the Day', 'ErgData for iOS': 'ErgData'}
2026-04-14 13:05:50,497 [INFO] Skipping non-RowErg workout: 115247865 (BikeErg)
2026-04-14 13:05:50,498 [INFO] New RowErg entry: 115242256 on 04/10/26
2026-04-14 13:05:50,953 [WARNING] Could not find all stats on page: https://log.concept2.com/profile/151754/log/115242256 — found: {'TimeMetersPaceWattsCal/HrS/M40:00.08,4632:21.71237223111510:00.02,1212:21.41247253110910:00.02,1252:21.11247283112010:00.02,1102:22.11227193111610:00.02,1072:22.312171731115r540': 'Intervals', 'Loading data.': 'Workout Graph', 'Your LogRankingsChallengesAffiliation StandingsLogin': 'Quick Links', 'FAQsForumPace CalculatorConcept2 NewsContact Us': 'Help', 'Making world class rowing products since 1976.': 'Concept2', 'Sign up': 'Workout of the Day', 'ErgData for iOS': 'ErgData'}
2026-04-14 13:05:51,955 [INFO] New RowErg entry: 115240007 on 04/10/26
2026-04-14 13:05:52,737 [WARNING] Could not find all stats on page: https://log.concept2.com/profile/151754/log/115240007 — found: {'TimeMetersPaceWattsCal/HrS/M1:20:00.017,2492:19.11307473111710:00.02,1682:18.31327543211110:00.02,1712:18.11337563211110:00.02,1682:18.31327543211610:00.02,1682:18.31327543211810:00.02,1542:19.21307453211810:00.02,1562:19.11307473111910:00.02,1372:20.31277353112210:00.02,1272:21.012572931122r1,454': 'Intervals', 'Loading data.': 'Workout Graph', 'Your LogRankingsChallengesAffiliation StandingsLogin': 'Quick Links', 'FAQsForumPace CalculatorConcept2 NewsContact Us': 'Help', 'Making world class rowing products since 1976.': 'Concept2', 'Sign up': 'Workout of the Day', 'ErgData for iOS': 'ErgData'}
2026-04-14 13:05:53,739 [INFO] Skipping non-RowErg workout: 115206859 (BikeErg)
2026-04-14 13:05:53,739 [INFO] New RowErg entry: 115201495 on 04/09/26
2026-04-14 13:05:54,474 [WARNING] Could not find all stats on page: https://log.concept2.com/profile/151754/log/115201495 — found: {'TimeMetersPaceWattsCal/HrS/M50:00.010,7742:19.21307463211710:00.02,1672:18.41327533212210:00.02,1642:18.61317523212210:00.02,1532:19.31297453211610:00.02,1372:20.31277353211310:00.02,1522:19.412974432113r826': 'Intervals', 'Loading data.': 'Workout Graph', 'Your LogRankingsChallengesAffiliation StandingsLogin': 'Quick Links', 'FAQsForumPace CalculatorConcept2 NewsContact Us': 'Help', 'Making world class rowing products since 1976.': 'Concept2', 'Sign up': 'Workout of the Day', 'ErgData for iOS': 'ErgData'}
2026-04-14 13:05:55,475 [INFO] New RowErg entry: 115199282 on 04/09/26
2026-04-14 13:05:55,990 [WARNING] Could not find all stats on page: https://log.concept2.com/profile/151754/log/115199282 — found: {'TimeMetersPaceWattsCal/HrS/M1:10:00.015,3102:17.11367663211810:00.02,1452:19.81287403311610:00.02,2062:15.91397783211610:00.02,2012:16.31387753211810:00.02,1962:16.61377723211910:00.02,1872:17.11367663212110:00.02,1882:17.11367673212010:00.02,1862:17.213576632121r1,466': 'Intervals', 'Loading data.': 'Workout Graph', 'Your LogRankingsChallengesAffiliation StandingsLogin': 'Quick Links', 'FAQsForumPace CalculatorConcept2 NewsContact Us': 'Help', 'Making world class rowing products since 1976.': 'Concept2', 'Sign up': 'Workout of the Day', 'ErgData for iOS': 'ErgData'}
2026-04-14 13:05:56,991 [INFO] Skipping non-RowErg workout: 115166450 (BikeErg)
2026-04-14 13:05:56,992 [INFO] New RowErg entry: 115160940 on 04/08/26
2026-04-14 13:05:57,496 [WARNING] Could not find all stats on page: https://log.concept2.com/profile/151754/log/115160940 — found: {'TimeMetersPaceWattsCal/HrS/M50:00.010,6852:20.3127735318710:00.02,1272:21.01257293211610:00.02,1372:20.3127735318010:00.02,1332:20.6126732318510:00.02,1372:20.3127735317810:00.02,1512:19.41297443178r740': 'Intervals', 'Loading data.': 'Workout Graph', 'Your LogRankingsChallengesAffiliation StandingsLogin': 'Quick Links', 'FAQsForumPace CalculatorConcept2 NewsContact Us': 'Help', 'Making world class rowing products since 1976.': 'Concept2', 'Sign up': 'Workout of the Day', 'ErgData for iOS': 'ErgData'}
2026-04-14 13:05:58,498 [INFO] New RowErg entry: 115158053 on 04/08/26
2026-04-14 13:05:59,008 [WARNING] Could not find all stats on page: https://log.concept2.com/profile/151754/log/115158053 — found: {'TimeMetersPaceWattsCal/HrS/M1:10:00.015,0222:19.71287403211810:00.02,1162:21.71237223211410:00.02,1492:19.51297423211610:00.02,1552:19.21307463212110:00.02,1492:19.51297423212010:00.02,1462:19.71287403211610:00.02,1562:19.11307473211710:00.02,1522:19.412974432126r1,318': 'Intervals', 'Loading data.': 'Workout Graph', 'Your LogRankingsChallengesAffiliation StandingsLogin': 'Quick Links', 'FAQsForumPace CalculatorConcept2 NewsContact Us': 'Help', 'Making world class rowing products since 1976.': 'Concept2', 'Sign up': 'Workout of the Day', 'ErgData for iOS': 'ErgData'}
2026-04-14 13:06:00,010 [INFO] New RowErg entry: 115117938 on 04/07/26
2026-04-14 13:06:00,508 [WARNING] Could not find all stats on page: https://log.concept2.com/profile/151754/log/115117938 — found: {'TimeMetersPaceWattsCal/HrS/M1:10:00.015,1412:18.61317513112110:00.02,1452:19.81287403211110:00.02,1692:18.31327553212110:00.02,1832:17.41357643211310:00.02,1722:18.11337573211710:00.02,1662:18.51327533112110:00.02,1632:18.61317513112610:00.02,1442:19.912873931143r1,767': 'Intervals', 'Loading data.': 'Workout Graph', 'Your LogRankingsChallengesAffiliation StandingsLogin': 'Quick Links', 'FAQsForumPace CalculatorConcept2 NewsContact Us': 'Help', 'Making world class rowing products since 1976.': 'Concept2', 'Sign up': 'Workout of the Day', 'ErgData for iOS': 'ErgData'}
2026-04-14 13:06:01,509 [INFO] Skipping non-RowErg workout: 115080613 (BikeErg)
2026-04-14 13:06:01,510 [INFO] New RowErg entry: 115074739 on 04/06/26
2026-04-14 13:06:02,095 [WARNING] Could not find all stats on page: https://log.concept2.com/profile/151754/log/115074739 — found: {'TimeMetersPaceWattsCal/HrS/M2:00:00.025,9982:18.41327533110910:00.02,1642:18.61317523211010:00.02,1822:17.41357633211910:00.02,1772:17.8134760328210:00.02,1702:18.21327553211710:00.02,1762:17.81347593211710:00.02,1702:18.21327553112810:00.02,1662:18.5132753328010:00.02,1672:18.4132753318110:00.02,1672:18.41327533110810:00.02,1642:18.61317523210810:00.02,1552:19.21307463112910:00.02,1402:20.112773731129r2,548': 'Intervals', 'Loading data.': 'Workout Graph', 'Your LogRankingsChallengesAffiliation StandingsLogin': 'Quick Links', 'FAQsForumPace CalculatorConcept2 NewsContact Us': 'Help', 'Making world class rowing products since 1976.': 'Concept2', 'Sign up': 'Workout of the Day', 'ErgData for iOS': 'ErgData'}
2026-04-14 13:06:03,097 [INFO] Skipping non-RowErg workout: 115045705 (BikeErg)
2026-04-14 13:06:03,098 [INFO] Saved 16 new RowErg workout(s) to concept2_log.csv
2026-04-14 14:02:10,182 [WARNING] Could not find all stats on page: https://log.concept2.com/profile/151754/log/115391184 — found: {'TimeMetersPaceWattsCal/HrS/M1:00:00.012,9952:18.51327533211710:00.02,1762:17.81347593211510:00.02,1652:18.51327523211510:00.02,1642:18.61317523211910:00.02,1642:18.61317523211110:00.02,1702:18.21327553211110:00.02,1562:19.113074732131r1,129': 'Intervals', 'Loading data.': 'Workout Graph', 'Your LogRankingsChallengesAffiliation StandingsLogin': 'Quick Links', 'FAQsForumPace CalculatorConcept2 NewsContact Us': 'Help', 'Making world class rowing products since 1976.': 'Concept2', 'Sign up': 'Workout of the Day', 'ErgData for iOS': 'ErgData'}
2026-04-14 14:18:03,318 [INFO] Starting Concept2 logbook check …
2026-04-14 14:18:03,319 [INFO] Known workout IDs in CSV: 16
2026-04-14 14:18:06,671 [INFO] Skipping non-RowErg workout: 115396979 (BikeErg)
2026-04-14 14:18:06,672 [INFO] Skipping non-RowErg workout: 115352238 (BikeErg)
2026-04-14 14:18:06,673 [INFO] Skipping non-RowErg workout: 115316222 (BikeErg)
2026-04-14 14:18:06,673 [INFO] Skipping non-RowErg workout: 115281135 (BikeErg)
2026-04-14 14:18:06,674 [INFO] Skipping non-RowErg workout: 115247865 (BikeErg)
2026-04-14 14:18:06,674 [INFO] Skipping non-RowErg workout: 115206859 (BikeErg)
2026-04-14 14:18:06,675 [INFO] Skipping non-RowErg workout: 115166450 (BikeErg)
2026-04-14 14:18:06,675 [INFO] Skipping non-RowErg workout: 115080613 (BikeErg)
2026-04-14 14:18:06,676 [INFO] Skipping non-RowErg workout: 115045705 (BikeErg)
2026-04-14 14:18:06,676 [INFO] No new RowErg workouts found.
2026-04-14 14:18:19,826 [INFO] Starting Concept2 logbook check …
2026-04-14 14:18:19,842 [INFO] Known workout IDs in CSV: 15
2026-04-14 14:18:23,230 [INFO] Skipping non-RowErg workout: 115396979 (BikeErg)
2026-04-14 14:18:23,231 [INFO] New RowErg entry: 115391776 on 04/14/26
2026-04-14 14:18:24,993 [INFO] Skipping non-RowErg workout: 115352238 (BikeErg)
2026-04-14 14:18:24,994 [INFO] Skipping non-RowErg workout: 115316222 (BikeErg)
2026-04-14 14:18:24,995 [INFO] Skipping non-RowErg workout: 115281135 (BikeErg)
2026-04-14 14:18:24,995 [INFO] Skipping non-RowErg workout: 115247865 (BikeErg)
2026-04-14 14:18:24,996 [INFO] Skipping non-RowErg workout: 115206859 (BikeErg)
2026-04-14 14:18:24,996 [INFO] Skipping non-RowErg workout: 115166450 (BikeErg)
2026-04-14 14:18:24,997 [INFO] Skipping non-RowErg workout: 115080613 (BikeErg)
2026-04-14 14:18:24,997 [INFO] Skipping non-RowErg workout: 115045705 (BikeErg)
2026-04-14 14:18:24,998 [INFO] Saved 1 new RowErg workout(s) to concept2_log.csv
2026-04-14 14:37:24,480 [INFO] Starting Concept2 logbook check …
2026-04-14 14:37:24,482 [INFO] Known workout IDs in CSV: 0
2026-04-14 14:37:25,021 [INFO] New RowErg entry: 114988339 on 04/03/26
2026-04-14 14:37:25,022 [WARNING] Could not scrape detail page https://log.concept2.com/profile/2889275/log/114988339: 'list' object has no attribute 'items'
2026-04-14 14:37:26,024 [INFO] New RowErg entry: 114870212 on 03/31/26
2026-04-14 14:37:26,025 [WARNING] Could not scrape detail page https://log.concept2.com/profile/2889275/log/114870212: 'list' object has no attribute 'items'
2026-04-14 14:37:27,026 [INFO] New RowErg entry: 114819304 on 03/30/26
2026-04-14 14:37:27,027 [WARNING] Could not scrape detail page https://log.concept2.com/profile/2889275/log/114819304: 'list' object has no attribute 'items'
2026-04-14 14:37:28,029 [INFO] Saved 3 new RowErg workout(s) to concept2_workouts.csv
2026-04-14 14:39:28,656 [INFO] Starting Concept2 logbook check …
2026-04-14 14:39:28,664 [INFO] Known workout IDs in CSV: 0
2026-04-14 14:39:29,175 [INFO] New RowErg entry: 114988339 on 04/03/26
2026-04-14 14:39:29,176 [WARNING] Could not scrape detail page https://log.concept2.com/profile/2889275/log/114988339: 'list' object has no attribute 'items'
2026-04-14 14:39:30,177 [INFO] New RowErg entry: 114870212 on 03/31/26
2026-04-14 14:39:30,178 [WARNING] Could not scrape detail page https://log.concept2.com/profile/2889275/log/114870212: 'list' object has no attribute 'items'
2026-04-14 14:39:31,179 [INFO] New RowErg entry: 114819304 on 03/30/26
2026-04-14 14:39:31,180 [WARNING] Could not scrape detail page https://log.concept2.com/profile/2889275/log/114819304: 'list' object has no attribute 'items'
2026-04-14 14:39:32,181 [INFO] Saved 3 new RowErg workout(s) to concept2_workouts.csv
2026-04-14 14:41:40,272 [INFO] Starting Concept2 logbook check …
2026-04-14 14:41:40,273 [INFO] Known workout IDs in CSV: 3
2026-04-14 14:41:43,630 [INFO] Skipping non-RowErg workout: 115396979 (BikeErg)
2026-04-14 14:41:43,631 [INFO] New RowErg entry: 115391776 on 04/14/26
2026-04-14 14:41:43,632 [WARNING] Could not scrape detail page https://log.concept2.com/profile/151754/log/115391776: 'list' object has no attribute 'items'
2026-04-14 14:41:44,633 [INFO] New RowErg entry: 115391184 on 04/14/26
2026-04-14 14:41:44,634 [WARNING] Could not scrape detail page https://log.concept2.com/profile/151754/log/115391184: 'list' object has no attribute 'items'
2026-04-14 14:41:45,635 [INFO] New RowErg entry: 115388095 on 04/14/26
2026-04-14 14:41:45,636 [WARNING] Could not scrape detail page https://log.concept2.com/profile/151754/log/115388095: 'list' object has no attribute 'items'
2026-04-14 14:41:46,638 [INFO] Skipping non-RowErg workout: 115352238 (BikeErg)
2026-04-14 14:41:46,638 [INFO] New RowErg entry: 115346683 on 04/13/26
2026-04-14 14:41:46,639 [WARNING] Could not scrape detail page https://log.concept2.com/profile/151754/log/115346683: 'list' object has no attribute 'items'
2026-04-14 14:41:47,640 [INFO] New RowErg entry: 115344605 on 04/13/26
2026-04-14 14:41:47,641 [WARNING] Could not scrape detail page https://log.concept2.com/profile/151754/log/115344605: 'list' object has no attribute 'items'
2026-04-14 14:41:48,643 [INFO] Skipping non-RowErg workout: 115316222 (BikeErg)
2026-04-14 14:41:48,644 [INFO] New RowErg entry: 115309399 on 04/12/26
2026-04-14 14:41:48,645 [WARNING] Could not scrape detail page https://log.concept2.com/profile/151754/log/115309399: 'list' object has no attribute 'items'
2026-04-14 14:46:46,459 [INFO] Note: NumExpr detected 16 cores but "NUMEXPR_MAX_THREADS" not set, so enforcing safe limit of 8.
2026-04-14 14:46:46,459 [INFO] NumExpr defaulting to 8 threads.
2026-04-14 14:47:31,976 [INFO] Starting Concept2 logbook check …
2026-04-14 14:47:31,977 [INFO] Known workout IDs in CSV: 3
2026-04-14 14:47:35,473 [INFO] Skipping non-RowErg workout: 115396979 (BikeErg)
2026-04-14 14:47:35,475 [INFO] New RowErg entry: 115391776 on 04/14/26
2026-04-14 14:47:37,757 [INFO] New RowErg entry: 115391184 on 04/14/26
2026-04-14 14:47:39,754 [INFO] New RowErg entry: 115388095 on 04/14/26
2026-04-14 14:47:41,735 [INFO] Skipping non-RowErg workout: 115352238 (BikeErg)
2026-04-14 14:47:41,735 [INFO] New RowErg entry: 115346683 on 04/13/26
2026-04-14 14:47:43,953 [INFO] New RowErg entry: 115344605 on 04/13/26
2026-04-14 14:47:45,950 [INFO] Skipping non-RowErg workout: 115316222 (BikeErg)
2026-04-14 14:47:45,950 [INFO] New RowErg entry: 115309399 on 04/12/26
2026-04-14 14:47:47,951 [INFO] New RowErg entry: 115306557 on 04/12/26
2026-04-14 14:47:49,990 [INFO] Skipping non-RowErg workout: 115281135 (BikeErg)
2026-04-14 14:47:49,991 [INFO] New RowErg entry: 115275814 on 04/11/26
2026-04-14 14:47:51,985 [INFO] Skipping non-RowErg workout: 115247865 (BikeErg)
2026-04-14 14:47:51,985 [INFO] New RowErg entry: 115242256 on 04/10/26
2026-04-14 14:47:53,985 [INFO] New RowErg entry: 115240007 on 04/10/26
2026-04-14 14:47:56,042 [INFO] Skipping non-RowErg workout: 115206859 (BikeErg)
2026-04-14 14:47:56,043 [INFO] New RowErg entry: 115201495 on 04/09/26
2026-04-14 14:47:58,025 [INFO] New RowErg entry: 115199282 on 04/09/26
2026-04-14 14:48:00,024 [INFO] Skipping non-RowErg workout: 115166450 (BikeErg)
2026-04-14 14:48:00,024 [INFO] New RowErg entry: 115160940 on 04/08/26
2026-04-14 14:48:02,014 [INFO] New RowErg entry: 115158053 on 04/08/26
2026-04-14 14:48:03,983 [INFO] New RowErg entry: 115117938 on 04/07/26
2026-04-14 14:48:05,973 [INFO] Skipping non-RowErg workout: 115080613 (BikeErg)
2026-04-14 14:48:05,973 [INFO] New RowErg entry: 115074739 on 04/06/26
2026-04-14 14:48:07,962 [INFO] Skipping non-RowErg workout: 115045705 (BikeErg)
2026-04-14 14:48:07,963 [INFO] Saved 16 new RowErg workout(s) to concept2_workouts.csv
2026-04-17 11:15:55,065 [INFO] Starting Concept2 logbook check …
2026-04-17 11:15:55,076 [INFO] Known workout IDs in CSV: 2
2026-04-17 11:15:55,728 [INFO] New RowErg entry: 115456028 on 04/15/26
2026-04-17 11:15:57,707 [INFO] New RowErg entry: 114988339 on 04/03/26
2026-04-17 11:15:59,720 [INFO] New RowErg entry: 114870212 on 03/31/26
2026-04-17 11:16:01,714 [INFO] New RowErg entry: 114819304 on 03/30/26
2026-04-17 11:16:03,707 [INFO] Saved 4 new RowErg workout(s) to concept2_workouts.csv
2026-04-17 11:16:03,713 [INFO] Starting Concept2 logbook check …
2026-04-17 11:16:03,733 [INFO] Known workout IDs in CSV: 6
2026-04-17 11:16:04,380 [INFO] New RowErg entry: 115500733 on 04/16/26
2026-04-17 11:16:06,375 [INFO] New RowErg entry: 115417735 on 04/14/26
2026-04-17 11:16:08,366 [INFO] New RowErg entry: 115373683 on 04/13/26
2026-04-17 11:16:10,429 [INFO] New RowErg entry: 115295944 on 04/11/26
2026-04-17 11:16:12,412 [INFO] New RowErg entry: 115222205 on 04/09/26
2026-04-17 11:16:14,402 [INFO] New RowErg entry: 115138691 on 04/07/26
2026-04-17 11:16:16,408 [INFO] New RowErg entry: 115096129 on 04/06/26
2026-04-17 11:16:18,360 [INFO] New RowErg entry: 115058089 on 04/05/26
2026-04-17 11:16:20,334 [INFO] New RowErg entry: 114958645 on 04/02/26
2026-04-17 11:16:22,313 [INFO] New RowErg entry: 114918506 on 04/01/26
2026-04-17 11:16:24,322 [INFO] New RowErg entry: 114875376 on 03/31/26
2026-04-17 11:16:26,683 [INFO] New RowErg entry: 114830267 on 03/30/26
2026-04-17 11:16:28,658 [INFO] New RowErg entry: 114752902 on 03/28/26
2026-04-17 11:16:30,630 [INFO] New RowErg entry: 114676470 on 03/26/26
2026-04-17 11:16:32,612 [INFO] New RowErg entry: 114633515 on 03/25/26
2026-04-17 11:16:34,592 [INFO] New RowErg entry: 114538191 on 03/23/26
2026-04-17 11:16:36,574 [INFO] New RowErg entry: 114457396 on 03/21/26
2026-04-17 11:16:38,546 [INFO] New RowErg entry: 114384984 on 03/19/26
2026-04-17 11:16:40,529 [INFO] New RowErg entry: 114294764 on 03/17/26
2026-04-17 11:16:42,475 [INFO] New RowErg entry: 114242065 on 03/16/26
2026-04-17 11:16:44,440 [INFO] New RowErg entry: 114154961 on 03/14/26
2026-04-17 11:16:46,436 [INFO] New RowErg entry: 114029269 on 03/11/26
2026-04-17 11:16:48,407 [INFO] New RowErg entry: 113982069 on 03/10/26
2026-04-17 11:16:50,396 [INFO] New RowErg entry: 113932726 on 03/09/26
2026-04-17 11:16:52,442 [INFO] New RowErg entry: 113807625 on 03/07/26
2026-04-17 11:16:54,411 [INFO] Saved 25 new RowErg workout(s) to concept2_workouts.csv
2026-04-17 11:17:19,862 [INFO] Starting Concept2 logbook check …
2026-04-17 11:17:19,876 [INFO] Known workout IDs in CSV: 0
2026-04-17 11:17:20,418 [INFO] New RowErg entry: 115456028 on 04/15/26
2026-04-17 11:17:22,720 [INFO] New RowErg entry: 114988339 on 04/03/26
2026-04-17 11:17:24,691 [INFO] New RowErg entry: 114870212 on 03/31/26
2026-04-17 11:17:26,692 [INFO] New RowErg entry: 114819304 on 03/30/26
2026-04-17 11:17:28,974 [INFO] Saved 4 new RowErg workout(s) to concept2_workouts.csv
2026-04-17 11:17:28,979 [INFO] Starting Concept2 logbook check …
2026-04-17 11:17:28,997 [INFO] Known workout IDs in CSV: 4
2026-04-17 11:17:29,630 [INFO] New RowErg entry: 115500733 on 04/16/26
2026-04-17 11:17:31,620 [INFO] New RowErg entry: 115417735 on 04/14/26
2026-04-17 11:17:33,582 [INFO] New RowErg entry: 115373683 on 04/13/26
2026-04-17 11:17:35,547 [INFO] New RowErg entry: 115295944 on 04/11/26
2026-04-17 11:17:37,847 [INFO] New RowErg entry: 115222205 on 04/09/26
2026-04-17 11:17:39,813 [INFO] New RowErg entry: 115138691 on 04/07/26
2026-04-17 11:17:41,790 [INFO] New RowErg entry: 115096129 on 04/06/26
2026-04-17 11:17:43,796 [INFO] New RowErg entry: 115058089 on 04/05/26
2026-04-17 11:17:45,772 [INFO] New RowErg entry: 114958645 on 04/02/26
2026-04-17 11:17:47,751 [INFO] New RowErg entry: 114918506 on 04/01/26
2026-04-17 11:17:49,732 [INFO] New RowErg entry: 114875376 on 03/31/26
2026-04-17 11:17:51,741 [INFO] New RowErg entry: 114830267 on 03/30/26
2026-04-17 11:17:54,052 [INFO] New RowErg entry: 114752902 on 03/28/26
2026-04-17 11:17:56,047 [INFO] New RowErg entry: 114676470 on 03/26/26
2026-04-17 11:17:57,995 [INFO] New RowErg entry: 114633515 on 03/25/26
2026-04-17 11:17:59,980 [INFO] New RowErg entry: 114538191 on 03/23/26
2026-04-17 11:18:02,234 [INFO] New RowErg entry: 114457396 on 03/21/26
2026-04-17 11:18:04,197 [INFO] New RowErg entry: 114384984 on 03/19/26
2026-04-17 11:18:06,167 [INFO] New RowErg entry: 114294764 on 03/17/26
2026-04-17 11:18:08,143 [INFO] New RowErg entry: 114242065 on 03/16/26
2026-04-17 11:18:10,118 [INFO] New RowErg entry: 114154961 on 03/14/26
2026-04-17 11:18:12,095 [INFO] New RowErg entry: 114029269 on 03/11/26
2026-04-17 11:18:14,062 [INFO] New RowErg entry: 113982069 on 03/10/26
2026-04-17 11:18:16,050 [INFO] New RowErg entry: 113932726 on 03/09/26
2026-04-17 11:18:18,067 [INFO] New RowErg entry: 113807625 on 03/07/26
2026-04-17 11:18:20,041 [INFO] Saved 25 new RowErg workout(s) to concept2_workouts.csv
2026-04-17 11:20:01,502 [INFO] Starting Concept2 logbook check …
2026-04-17 11:20:01,509 [INFO] Known workout IDs in CSV: 29
2026-04-17 11:20:02,056 [INFO] No new RowErg workouts found.
2026-04-17 11:20:02,061 [INFO] Starting Concept2 logbook check …
2026-04-17 11:20:02,073 [INFO] Known workout IDs in CSV: 29
2026-04-17 11:20:02,711 [INFO] No new RowErg workouts found.
2026-04-17 11:26:13,982 [INFO] Starting Concept2 logbook check …
2026-04-17 11:26:13,992 [INFO] Known workout IDs in CSV: 29
2026-04-17 11:26:14,532 [INFO] No new RowErg workouts found.
2026-04-17 11:26:14,539 [INFO] Starting Concept2 logbook check …
2026-04-17 11:26:14,548 [INFO] Known workout IDs in CSV: 29
2026-04-17 11:26:15,193 [INFO] No new RowErg workouts found.
2026-04-17 11:26:32,018 [INFO] Starting Concept2 logbook check …
2026-04-17 11:26:32,027 [INFO] Known workout IDs in CSV: 29
2026-04-17 11:26:32,583 [INFO] No new RowErg workouts found.
2026-04-17 11:26:32,590 [INFO] Starting Concept2 logbook check …
2026-04-17 11:26:32,598 [INFO] Known workout IDs in CSV: 29
2026-04-17 11:26:33,225 [INFO] No new RowErg workouts found.
2026-04-17 11:28:13,889 [INFO] Starting Concept2 logbook check …
2026-04-17 11:28:13,898 [INFO] Known workout IDs in CSV: 29
2026-04-17 11:28:14,432 [INFO] No new RowErg workouts found.
2026-04-17 11:28:14,437 [INFO] Starting Concept2 logbook check …
2026-04-17 11:28:14,446 [INFO] Known workout IDs in CSV: 29
2026-04-17 11:28:15,095 [INFO] No new RowErg workouts found.
2026-04-17 11:28:46,415 [INFO] Starting Concept2 logbook check …
2026-04-17 11:28:46,425 [INFO] Known workout IDs in CSV: 29
2026-04-17 11:28:46,938 [INFO] No new RowErg workouts found.
2026-04-17 11:28:46,943 [INFO] Starting Concept2 logbook check …
2026-04-17 11:28:46,951 [INFO] Known workout IDs in CSV: 29
2026-04-17 11:28:47,723 [INFO] No new RowErg workouts found.
2026-04-17 11:30:56,217 [INFO] Starting Concept2 logbook check …
2026-04-17 11:30:56,226 [INFO] Known workout IDs in CSV: 29
2026-04-17 11:30:56,767 [INFO] No new RowErg workouts found.
2026-04-17 11:30:56,772 [INFO] Starting Concept2 logbook check …
2026-04-17 11:30:56,782 [INFO] Known workout IDs in CSV: 29
2026-04-17 11:30:57,473 [INFO] No new RowErg workouts found.
2026-04-17 11:31:57,294 [INFO] Starting Concept2 logbook check …
2026-04-17 11:31:57,301 [INFO] Known workout IDs in CSV: 29
2026-04-17 11:31:57,832 [INFO] No new RowErg workouts found.
2026-04-17 11:31:57,838 [INFO] Starting Concept2 logbook check …
2026-04-17 11:31:57,846 [INFO] Known workout IDs in CSV: 29
2026-04-17 11:31:58,762 [INFO] No new RowErg workouts found.
2026-04-17 11:32:52,592 [INFO] Starting Concept2 logbook check …
2026-04-17 11:32:52,600 [INFO] Known workout IDs in CSV: 29
2026-04-17 11:32:53,114 [INFO] No new RowErg workouts found.
2026-04-17 11:32:53,119 [INFO] Starting Concept2 logbook check …
2026-04-17 11:32:53,128 [INFO] Known workout IDs in CSV: 29
2026-04-17 11:32:53,777 [INFO] No new RowErg workouts found.
2026-04-17 11:33:32,555 [INFO] Starting Concept2 logbook check …
2026-04-17 11:33:32,562 [INFO] Known workout IDs in CSV: 29
2026-04-17 11:33:33,123 [INFO] No new RowErg workouts found.
2026-04-17 11:33:33,127 [INFO] Starting Concept2 logbook check …
2026-04-17 11:33:33,136 [INFO] Known workout IDs in CSV: 29
2026-04-17 11:33:33,917 [INFO] No new RowErg workouts found.
2026-04-17 11:33:50,934 [INFO] Starting Concept2 logbook check …
2026-04-17 11:33:50,941 [INFO] Known workout IDs in CSV: 29
2026-04-17 11:33:51,479 [INFO] No new RowErg workouts found.
2026-04-17 11:33:51,484 [INFO] Starting Concept2 logbook check …
2026-04-17 11:33:51,491 [INFO] Known workout IDs in CSV: 29
2026-04-17 11:33:52,135 [INFO] No new RowErg workouts found.
2026-04-17 11:34:43,992 [INFO] Starting Concept2 logbook check …
2026-04-17 11:34:44,000 [INFO] Known workout IDs in CSV: 29
2026-04-17 11:34:44,889 [INFO] No new RowErg workouts found.
2026-04-17 11:34:44,894 [INFO] Starting Concept2 logbook check …
2026-04-17 11:34:44,903 [INFO] Known workout IDs in CSV: 29
2026-04-17 11:34:45,548 [INFO] No new RowErg workouts found.
2026-04-17 11:35:06,440 [INFO] Starting Concept2 logbook check …
2026-04-17 11:35:06,448 [INFO] Known workout IDs in CSV: 29
2026-04-17 11:35:07,307 [INFO] No new RowErg workouts found.
2026-04-17 11:35:07,314 [INFO] Starting Concept2 logbook check …
2026-04-17 11:35:07,321 [INFO] Known workout IDs in CSV: 29
2026-04-17 11:35:07,922 [INFO] No new RowErg workouts found.
2026-04-17 11:35:40,908 [INFO] Starting Concept2 logbook check …
2026-04-17 11:35:40,917 [INFO] Known workout IDs in CSV: 29
2026-04-17 11:35:41,459 [INFO] No new RowErg workouts found.
2026-04-17 11:35:41,464 [INFO] Starting Concept2 logbook check …
2026-04-17 11:35:41,473 [INFO] Known workout IDs in CSV: 29
2026-04-17 11:35:42,088 [INFO] No new RowErg workouts found.
2026-04-17 11:36:17,558 [INFO] Starting Concept2 logbook check …
2026-04-17 11:36:17,566 [INFO] Known workout IDs in CSV: 29
2026-04-17 11:36:18,090 [INFO] No new RowErg workouts found.
2026-04-17 11:36:18,095 [INFO] Starting Concept2 logbook check …
2026-04-17 11:36:18,103 [INFO] Known workout IDs in CSV: 29
2026-04-17 11:36:18,786 [INFO] No new RowErg workouts found.
2026-04-17 11:48:12,443 [INFO] Starting Concept2 logbook check …
2026-04-17 11:48:12,452 [INFO] Known workout IDs in CSV: 29
2026-04-17 11:48:13,114 [INFO] No new RowErg workouts found.
2026-04-17 11:48:13,120 [INFO] Starting Concept2 logbook check …
2026-04-17 11:48:13,129 [INFO] Known workout IDs in CSV: 29
2026-04-17 11:48:13,843 [INFO] No new RowErg workouts found.
2026-04-17 11:48:23,641 [INFO] Starting Concept2 logbook check …
2026-04-17 11:48:23,651 [INFO] Known workout IDs in CSV: 29
2026-04-17 11:48:24,202 [INFO] No new RowErg workouts found.
2026-04-17 11:48:24,207 [INFO] Starting Concept2 logbook check …
2026-04-17 11:48:24,215 [INFO] Known workout IDs in CSV: 29
2026-04-17 11:48:24,827 [INFO] No new RowErg workouts found.
2026-04-17 11:48:42,831 [INFO] Starting Concept2 logbook check …
2026-04-17 11:48:42,839 [INFO] Known workout IDs in CSV: 29
2026-04-17 11:48:43,386 [INFO] No new RowErg workouts found.
2026-04-17 11:48:43,391 [INFO] Starting Concept2 logbook check …
2026-04-17 11:48:43,401 [INFO] Known workout IDs in CSV: 29
2026-04-17 11:48:44,072 [INFO] No new RowErg workouts found.
2026-04-17 11:49:14,042 [INFO] Starting Concept2 logbook check …
2026-04-17 11:49:14,051 [INFO] Known workout IDs in CSV: 29
2026-04-17 11:49:14,941 [INFO] No new RowErg workouts found.
2026-04-17 11:49:14,946 [INFO] Starting Concept2 logbook check …
2026-04-17 11:49:14,954 [INFO] Known workout IDs in CSV: 29
2026-04-17 11:49:15,613 [INFO] No new RowErg workouts found.
2026-04-17 11:49:35,865 [INFO] Starting Concept2 logbook check …
2026-04-17 11:49:35,873 [INFO] Known workout IDs in CSV: 29
2026-04-17 11:49:36,426 [INFO] No new RowErg workouts found.
2026-04-17 11:49:36,431 [INFO] Starting Concept2 logbook check …
2026-04-17 11:49:36,440 [INFO] Known workout IDs in CSV: 29
2026-04-17 11:49:37,092 [INFO] No new RowErg workouts found.
2026-04-17 11:49:48,999 [INFO] Starting Concept2 logbook check …
2026-04-17 11:49:49,010 [INFO] Known workout IDs in CSV: 29
2026-04-17 11:49:49,544 [INFO] No new RowErg workouts found.
2026-04-17 11:49:49,549 [INFO] Starting Concept2 logbook check …
2026-04-17 11:49:49,557 [INFO] Known workout IDs in CSV: 29
2026-04-17 11:49:50,206 [INFO] No new RowErg workouts found.
2026-04-17 11:50:11,519 [INFO] Starting Concept2 logbook check …
2026-04-17 11:50:11,526 [INFO] Known workout IDs in CSV: 29
2026-04-17 11:50:12,092 [INFO] No new RowErg workouts found.
2026-04-17 11:50:12,096 [INFO] Starting Concept2 logbook check …
2026-04-17 11:50:12,104 [INFO] Known workout IDs in CSV: 29
2026-04-17 11:50:12,751 [INFO] No new RowErg workouts found.
2026-04-17 12:42:52,314 [INFO] Starting Concept2 logbook check …
2026-04-17 12:42:52,337 [INFO] Known workout IDs in CSV: 29
2026-04-17 12:42:53,015 [INFO] No new RowErg workouts found.
2026-04-17 12:42:53,020 [INFO] Starting Concept2 logbook check …
2026-04-17 12:42:53,028 [INFO] Known workout IDs in CSV: 29
2026-04-17 12:42:54,016 [INFO] No new RowErg workouts found.
2026-04-17 13:37:02,653 [INFO] Starting Concept2 logbook check …
2026-04-17 13:37:02,674 [INFO] Known workout IDs in CSV: 29
2026-04-17 13:37:03,698 [INFO] No new RowErg workouts found.
2026-04-17 13:37:03,711 [INFO] Starting Concept2 logbook check …
2026-04-17 13:37:03,731 [INFO] Known workout IDs in CSV: 29
2026-04-17 13:37:04,405 [INFO] No new RowErg workouts found.
2026-04-17 17:07:36,464 [INFO] Starting Concept2 logbook check …
2026-04-17 17:07:36,465 [INFO] Known workout IDs in CSV: 29
2026-04-17 17:07:37,107 [INFO] New RowErg entry: 115528716 on 04/17/26
2026-04-17 17:07:39,111 [INFO] Saved 1 new RowErg workout(s) to concept2_workouts.csv
2026-04-17 17:07:39,112 [INFO] Starting Concept2 logbook check …
2026-04-17 17:07:39,112 [INFO] Known workout IDs in CSV: 30
2026-04-17 17:07:39,465 [INFO] No new RowErg workouts found.
2026-04-17 17:10:11,627 [INFO] Starting Concept2 logbook check …
2026-04-17 17:10:11,628 [INFO] Known workout IDs in CSV: 30
2026-04-17 17:10:12,178 [INFO] No new RowErg workouts found.
2026-04-17 17:10:12,178 [INFO] Starting Concept2 logbook check …
2026-04-17 17:10:12,178 [INFO] Known workout IDs in CSV: 30
2026-04-17 17:10:12,869 [INFO] No new RowErg workouts found.
2026-04-17 17:14:53,031 [INFO] Starting Concept2 logbook check …
2026-04-17 17:14:53,031 [INFO] Known workout IDs in CSV: 30
2026-04-17 17:14:53,731 [INFO] No new RowErg workouts found.
2026-04-17 17:14:53,731 [INFO] Starting Concept2 logbook check …
2026-04-17 17:14:53,732 [INFO] Known workout IDs in CSV: 30
2026-04-17 17:14:54,426 [INFO] No new RowErg workouts found.
2026-04-17 17:17:20,951 [INFO] Starting Concept2 logbook check …
2026-04-17 17:17:20,952 [INFO] Known workout IDs in CSV: 29
2026-04-17 17:17:21,532 [INFO] New RowErg entry: 115456028 on 04/15/26
2026-04-17 17:17:22,024 [WARNING] Could not scrape detail page https://log.concept2.com/profile/2889275/log/115456028: name 'sleep' is not defined
2026-04-17 17:17:23,027 [INFO] Saved 1 new RowErg workout(s) to concept2_workouts.csv
2026-04-17 17:17:23,028 [INFO] Starting Concept2 logbook check …
2026-04-17 17:17:23,028 [INFO] Known workout IDs in CSV: 30
2026-04-17 17:17:23,671 [INFO] No new RowErg workouts found.
2026-04-17 17:18:14,459 [INFO] Starting Concept2 logbook check …
2026-04-17 17:18:14,459 [INFO] Known workout IDs in CSV: 30
2026-04-17 17:18:15,016 [INFO] No new RowErg workouts found.
2026-04-17 17:18:15,016 [INFO] Starting Concept2 logbook check …
2026-04-17 17:18:15,016 [INFO] Known workout IDs in CSV: 30
2026-04-17 17:18:16,098 [INFO] No new RowErg workouts found.
2026-04-17 17:19:17,311 [INFO] Starting Concept2 logbook check …
2026-04-17 17:19:17,311 [INFO] Known workout IDs in CSV: 28
2026-04-17 17:19:17,900 [INFO] New RowErg entry: 115528716 on 04/17/26
2026-04-17 17:19:18,890 [WARNING] Could not find all stats on page: https://log.concept2.com/profile/2889275/log/115528716 — overall_distance=None, overall_time=None, calories=None
2026-04-17 17:19:19,891 [INFO] New RowErg entry: 115456028 on 04/15/26
2026-04-17 17:19:20,899 [WARNING] Could not find all stats on page: https://log.concept2.com/profile/2889275/log/115456028 — overall_distance=None, overall_time=None, calories=None
2026-04-17 17:19:21,912 [INFO] Saved 2 new RowErg workout(s) to concept2_workouts.csv
2026-04-17 17:19:21,912 [INFO] Starting Concept2 logbook check …
2026-04-17 17:19:21,913 [INFO] Known workout IDs in CSV: 30
2026-04-17 17:19:22,563 [INFO] No new RowErg workouts found.
2026-04-17 17:20:44,070 [INFO] Starting Concept2 logbook check …
2026-04-17 17:20:44,071 [INFO] Known workout IDs in CSV: 30
2026-04-17 17:20:44,637 [INFO] No new RowErg workouts found.
2026-04-17 17:20:44,637 [INFO] Starting Concept2 logbook check …
2026-04-17 17:20:44,637 [INFO] Known workout IDs in CSV: 30
2026-04-17 17:20:45,351 [INFO] No new RowErg workouts found.
2026-04-17 17:20:55,241 [INFO] Starting Concept2 logbook check …
2026-04-17 17:20:55,241 [INFO] Known workout IDs in CSV: 28
2026-04-17 17:20:55,900 [INFO] New RowErg entry: 115528716 on 04/17/26
2026-04-17 17:20:56,909 [WARNING] Could not scrape detail page https://log.concept2.com/profile/2889275/log/115528716: name 'log' is not defined
2026-04-17 17:20:57,919 [INFO] New RowErg entry: 115456028 on 04/15/26
2026-04-17 17:20:59,333 [WARNING] Could not scrape detail page https://log.concept2.com/profile/2889275/log/115456028: name 'log' is not defined
2026-04-17 17:21:00,337 [INFO] Saved 2 new RowErg workout(s) to concept2_workouts.csv
2026-04-17 17:21:00,338 [INFO] Starting Concept2 logbook check …
2026-04-17 17:21:00,338 [INFO] Known workout IDs in CSV: 30
2026-04-17 17:21:00,994 [INFO] No new RowErg workouts found.
2026-04-17 17:21:11,587 [INFO] Starting Concept2 logbook check …
2026-04-17 17:21:11,588 [INFO] Known workout IDs in CSV: 30
2026-04-17 17:21:12,172 [INFO] No new RowErg workouts found.
2026-04-17 17:21:12,172 [INFO] Starting Concept2 logbook check …
2026-04-17 17:21:12,173 [INFO] Known workout IDs in CSV: 30
2026-04-17 17:21:12,844 [INFO] No new RowErg workouts found.
2026-04-17 17:21:25,039 [INFO] Starting Concept2 logbook check …
2026-04-17 17:21:25,039 [INFO] Known workout IDs in CSV: 28
2026-04-17 17:21:25,612 [INFO] New RowErg entry: 115528716 on 04/17/26
2026-04-17 17:21:26,656 [WARNING] Could not find all stats on page: https://log.concept2.com/profile/2889275/log/115528716 — overall_distance=None, overall_time=None, calories=None
2026-04-17 17:21:27,669 [INFO] New RowErg entry: 115456028 on 04/15/26
2026-04-17 17:21:28,999 [WARNING] Could not find all stats on page: https://log.concept2.com/profile/2889275/log/115456028 — overall_distance=None, overall_time=None, calories=None
2026-04-17 17:21:30,003 [INFO] Saved 2 new RowErg workout(s) to concept2_workouts.csv
2026-04-17 17:21:30,003 [INFO] Starting Concept2 logbook check …
2026-04-17 17:21:30,003 [INFO] Known workout IDs in CSV: 30
2026-04-17 17:21:30,674 [INFO] No new RowErg workouts found.
2026-04-17 17:23:48,518 [INFO] Starting Concept2 logbook check …
2026-04-17 17:23:48,520 [INFO] Known workout IDs in CSV: 30
2026-04-17 17:23:49,070 [INFO] No new RowErg workouts found.
2026-04-17 17:23:49,071 [INFO] Starting Concept2 logbook check …
2026-04-17 17:23:49,072 [INFO] Known workout IDs in CSV: 30
2026-04-17 17:23:49,719 [INFO] No new RowErg workouts found.
2026-04-17 17:34:29,050 [INFO] Starting Concept2 logbook check …
2026-04-17 17:34:29,050 [INFO] Known workout IDs in CSV: 28
2026-04-17 17:34:29,952 [INFO] New RowErg entry: 115528716 on 04/17/26
2026-04-17 17:34:30,990 [WARNING] Could not scrape detail page https://log.concept2.com/profile/2889275/log/115528716: name 're' is not defined
2026-04-17 17:34:32,009 [INFO] New RowErg entry: 115456028 on 04/15/26
2026-04-17 17:34:33,005 [WARNING] Could not scrape detail page https://log.concept2.com/profile/2889275/log/115456028: name 're' is not defined
2026-04-17 17:34:34,013 [INFO] Saved 2 new RowErg workout(s) to concept2_workouts.csv
2026-04-17 17:34:34,013 [INFO] Starting Concept2 logbook check …
2026-04-17 17:34:34,013 [INFO] Known workout IDs in CSV: 30
2026-04-17 17:34:34,652 [INFO] No new RowErg workouts found.
2026-04-17 17:34:52,034 [INFO] Starting Concept2 logbook check …
2026-04-17 17:34:52,034 [INFO] Known workout IDs in CSV: 28
2026-04-17 17:34:52,559 [INFO] New RowErg entry: 115528716 on 04/17/26
2026-04-17 17:34:54,571 [INFO] New RowErg entry: 115456028 on 04/15/26
2026-04-17 17:34:56,600 [INFO] Saved 2 new RowErg workout(s) to concept2_workouts.csv
2026-04-17 17:34:56,600 [INFO] Starting Concept2 logbook check …
2026-04-17 17:34:56,600 [INFO] Known workout IDs in CSV: 30
2026-04-17 17:34:57,240 [INFO] No new RowErg workouts found.
2026-04-17 17:36:32,940 [INFO] Starting Concept2 logbook check …
2026-04-17 17:36:32,940 [INFO] Known workout IDs in CSV: 28
2026-04-17 17:36:33,997 [INFO] New RowErg entry: 115528716 on 04/17/26
2026-04-17 17:36:36,021 [INFO] New RowErg entry: 115456028 on 04/15/26
2026-04-17 17:36:38,045 [INFO] Saved 2 new RowErg workout(s) to concept2_workouts.csv
2026-04-17 17:36:38,046 [INFO] Starting Concept2 logbook check …
2026-04-17 17:36:38,046 [INFO] Known workout IDs in CSV: 30
2026-04-17 17:36:38,848 [INFO] No new RowErg workouts found.
